mode: set
github.com/redhat-developer/gitops-operator/controllers/argocd/argocd.go:40.64,53.2 1 1
github.com/redhat-developer/gitops-operator/controllers/argocd/argocd.go:55.70,68.2 1 1
github.com/redhat-developer/gitops-operator/controllers/argocd/argocd.go:70.46,84.2 1 1
github.com/redhat-developer/gitops-operator/controllers/argocd/argocd.go:86.46,91.2 1 1
github.com/redhat-developer/gitops-operator/controllers/argocd/argocd.go:93.53,106.2 1 1
github.com/redhat-developer/gitops-operator/controllers/argocd/argocd.go:108.43,122.2 1 1
github.com/redhat-developer/gitops-operator/controllers/argocd/argocd.go:124.49,137.2 1 1
github.com/redhat-developer/gitops-operator/controllers/argocd/argocd.go:139.53,152.2 1 1
github.com/redhat-developer/gitops-operator/controllers/argocd/argocd.go:154.51,168.2 1 1
github.com/redhat-developer/gitops-operator/controllers/argocd/argocd.go:170.46,175.2 1 1
github.com/redhat-developer/gitops-operator/controllers/argocd/argocd.go:179.54,187.16 2 1
github.com/redhat-developer/gitops-operator/controllers/argocd/argocd.go:191.2,212.8 1 1
github.com/redhat-developer/gitops-operator/controllers/argocd/argocd.go:187.16,189.3 1 0
github.com/redhat-developer/gitops-operator/controllers/util/util.go:45.62,48.16 3 1
github.com/redhat-developer/gitops-operator/controllers/util/util.go:54.2,54.51 1 1
github.com/redhat-developer/gitops-operator/controllers/util/util.go:48.16,49.29 1 1
github.com/redhat-developer/gitops-operator/controllers/util/util.go:52.3,52.17 1 0
github.com/redhat-developer/gitops-operator/controllers/util/util.go:49.29,51.4 1 1
github.com/redhat-developer/gitops-operator/controllers/util/util.go:58.65,72.2 1 1
github.com/redhat-developer/gitops-operator/controllers/util/util.go:74.29,75.43 1 0
github.com/redhat-developer/gitops-operator/controllers/util/util.go:78.2,78.12 1 0
github.com/redhat-developer/gitops-operator/controllers/util/util.go:75.43,77.3 1 0
github.com/redhat-developer/gitops-operator/controllers/util/util.go:81.31,83.2 1 0
github.com/redhat-developer/gitops-operator/controllers/util/util.go:86.37,88.2 1 0
github.com/redhat-developer/gitops-operator/controllers/util/util.go:90.31,92.16 2 0
github.com/redhat-developer/gitops-operator/controllers/util/util.go:95.2,96.12 2 0
github.com/redhat-developer/gitops-operator/controllers/util/util.go:92.16,94.3 1 0
github.com/redhat-developer/gitops-operator/controllers/util/util.go:99.58,103.30 4 0
github.com/redhat-developer/gitops-operator/controllers/util/util.go:108.2,108.15 1 0
github.com/redhat-developer/gitops-operator/controllers/util/util.go:103.30,104.48 1 0
github.com/redhat-developer/gitops-operator/controllers/util/util.go:104.48,106.4 1 0
github.com/redhat-developer/gitops-operator/controllers/util/util.go:111.55,112.32 1 0
github.com/redhat-developer/gitops-operator/controllers/util/util.go:115.2,116.33 2 0
github.com/redhat-developer/gitops-operator/controllers/util/util.go:119.2,119.15 1 0
github.com/redhat-developer/gitops-operator/controllers/util/util.go:112.32,114.3 1 0
github.com/redhat-developer/gitops-operator/controllers/util/util.go:116.33,118.3 1 0
github.com/redhat-developer/gitops-operator/controllers/util/util.go:123.30,125.2 1 0
github.com/redhat-developer/gitops-operator/controllers/util/util.go:127.83,130.83 2 0
github.com/redhat-developer/gitops-operator/controllers/util/util.go:130.83,131.37 1 0
github.com/redhat-developer/gitops-operator/controllers/util/util.go:134.3,134.52 1 0
github.com/redhat-developer/gitops-operator/controllers/util/util.go:137.3,137.60 1 0
github.com/redhat-developer/gitops-operator/controllers/util/util.go:140.3,140.51 1 0
github.com/redhat-developer/gitops-operator/controllers/util/util.go:131.37,133.4 1 0
github.com/redhat-developer/gitops-operator/controllers/util/util.go:134.52,136.4 1 0
github.com/redhat-developer/gitops-operator/controllers/util/util.go:137.60,139.4 1 0
github.com/redhat-developer/gitops-operator/controllers/util/util.go:140.51,153.4 1 0
github.com/redhat-developer/gitops-operator/controllers/argocd/openshift/openshift.go:29.84,32.23 2 1
github.com/redhat-developer/gitops-operator/controllers/argocd/openshift/openshift.go:99.2,99.12 1 1
github.com/redhat-developer/gitops-operator/controllers/argocd/openshift/openshift.go:33.27,34.98 1 1
github.com/redhat-developer/gitops-operator/controllers/argocd/openshift/openshift.go:38.26,39.55 1 1
github.com/redhat-developer/gitops-operator/controllers/argocd/openshift/openshift.go:57.27,58.65 1 1
github.com/redhat-developer/gitops-operator/controllers/argocd/openshift/openshift.go:72.22,73.95 1 1
github.com/redhat-developer/gitops-operator/controllers/argocd/openshift/openshift.go:77.20,78.71 1 0
github.com/redhat-developer/gitops-operator/controllers/argocd/openshift/openshift.go:34.98,37.4 2 1
github.com/redhat-developer/gitops-operator/controllers/argocd/openshift/openshift.go:39.55,42.4 2 1
github.com/redhat-developer/gitops-operator/controllers/argocd/openshift/openshift.go:42.9,42.73 1 1
github.com/redhat-developer/gitops-operator/controllers/argocd/openshift/openshift.go:42.73,49.85 4 1
github.com/redhat-developer/gitops-operator/controllers/argocd/openshift/openshift.go:49.85,53.5 1 1
github.com/redhat-developer/gitops-operator/controllers/argocd/openshift/openshift.go:53.10,55.5 1 1
github.com/redhat-developer/gitops-operator/controllers/argocd/openshift/openshift.go:58.65,60.55 2 1
github.com/redhat-developer/gitops-operator/controllers/argocd/openshift/openshift.go:69.4,70.63 2 1
github.com/redhat-developer/gitops-operator/controllers/argocd/openshift/openshift.go:60.55,61.63 1 1
github.com/redhat-developer/gitops-operator/controllers/argocd/openshift/openshift.go:61.63,64.6 2 1
github.com/redhat-developer/gitops-operator/controllers/argocd/openshift/openshift.go:64.11,64.73 1 1
github.com/redhat-developer/gitops-operator/controllers/argocd/openshift/openshift.go:64.73,67.6 2 1
github.com/redhat-developer/gitops-operator/controllers/argocd/openshift/openshift.go:73.95,76.4 2 1
github.com/redhat-developer/gitops-operator/controllers/argocd/openshift/openshift.go:78.71,83.18 3 0
github.com/redhat-developer/gitops-operator/controllers/argocd/openshift/openshift.go:88.4,90.18 2 0
github.com/redhat-developer/gitops-operator/controllers/argocd/openshift/openshift.go:94.4,96.25 3 0
github.com/redhat-developer/gitops-operator/controllers/argocd/openshift/openshift.go:83.18,86.5 2 0
github.com/redhat-developer/gitops-operator/controllers/argocd/openshift/openshift.go:90.18,93.5 2 0
github.com/redhat-developer/gitops-operator/controllers/argocd/openshift/openshift.go:102.66,143.2 1 0
github.com/redhat-developer/gitops-operator/controllers/argocd/openshift/openshift.go:147.39,153.2 1 1
github.com/redhat-developer/gitops-operator/controllers/argocd/openshift/openshift.go:157.49,163.2 1 1
github.com/redhat-developer/gitops-operator/controllers/argocd/openshift/openshift.go:167.47,172.2 1 1
github.com/redhat-developer/gitops-operator/controllers/argocd/openshift/openshift.go:176.49,181.2 1 1
github.com/redhat-developer/gitops-operator/controllers/argocd/openshift/openshift.go:185.54,190.2 1 1
github.com/redhat-developer/gitops-operator/controllers/argocd/openshift/openshift.go:193.56,337.2 1 1
github.com/redhat-developer/gitops-operator/controllers/argocd/openshift/openshift.go:339.63,342.38 2 1
github.com/redhat-developer/gitops-operator/controllers/argocd/openshift/openshift.go:353.2,353.14 1 1
github.com/redhat-developer/gitops-operator/controllers/argocd/openshift/openshift.go:342.38,343.40 1 1
github.com/redhat-developer/gitops-operator/controllers/argocd/openshift/openshift.go:347.3,347.45 1 1
github.com/redhat-developer/gitops-operator/controllers/argocd/openshift/openshift.go:343.40,345.4 1 1
github.com/redhat-developer/gitops-operator/controllers/argocd/openshift/openshift.go:347.45,348.20 1 1
github.com/redhat-developer/gitops-operator/controllers/argocd/openshift/openshift.go:348.20,350.5 1 1
github.com/redhat-developer/gitops-operator/controllers/argocd/openshift/openshift.go:356.35,358.23 2 1
github.com/redhat-developer/gitops-operator/controllers/argocd/openshift/openshift.go:361.2,361.14 1 1
github.com/redhat-developer/gitops-operator/controllers/argocd/openshift/openshift.go:358.23,360.3 1 1
github.com/redhat-developer/gitops-operator/controllers/argocd/openshift/openshift.go:364.53,366.16 2 0
github.com/redhat-developer/gitops-operator/controllers/argocd/openshift/openshift.go:370.2,371.16 2 0
github.com/redhat-developer/gitops-operator/controllers/argocd/openshift/openshift.go:375.2,375.21 1 0
github.com/redhat-developer/gitops-operator/controllers/argocd/openshift/openshift.go:366.16,368.3 1 0
github.com/redhat-developer/gitops-operator/controllers/argocd/openshift/openshift.go:371.16,373.3 1 0
github.com/redhat-developer/gitops-operator/controllers/argocd_controller.go:62.13,64.2 1 1
github.com/redhat-developer/gitops-operator/controllers/argocd_controller.go:67.35,69.2 1 1
github.com/redhat-developer/gitops-operator/controllers/argocd_controller.go:72.73,79.2 1 0
github.com/redhat-developer/gitops-operator/controllers/argocd_controller.go:81.80,83.46 1 0
github.com/redhat-developer/gitops-operator/controllers/argocd_controller.go:83.46,86.4 1 0
github.com/redhat-developer/gitops-operator/controllers/argocd_controller.go:87.46,89.4 1 0
github.com/redhat-developer/gitops-operator/controllers/argocd_controller.go:90.46,92.4 1 0
github.com/redhat-developer/gitops-operator/controllers/argocd_controller.go:96.53,98.2 1 0
github.com/redhat-developer/gitops-operator/controllers/argocd_controller.go:116.116,121.31 4 1
github.com/redhat-developer/gitops-operator/controllers/argocd_controller.go:127.2,129.16 3 1
github.com/redhat-developer/gitops-operator/controllers/argocd_controller.go:138.2,147.16 6 1
github.com/redhat-developer/gitops-operator/controllers/argocd_controller.go:157.2,157.29 1 1
github.com/redhat-developer/gitops-operator/controllers/argocd_controller.go:165.2,166.32 2 1
github.com/redhat-developer/gitops-operator/controllers/argocd_controller.go:121.31,124.3 2 1
github.com/redhat-developer/gitops-operator/controllers/argocd_controller.go:129.16,130.29 1 0
github.com/redhat-developer/gitops-operator/controllers/argocd_controller.go:135.3,135.33 1 0
github.com/redhat-developer/gitops-operator/controllers/argocd_controller.go:130.29,134.4 2 0
github.com/redhat-developer/gitops-operator/controllers/argocd_controller.go:147.16,148.29 1 1
github.com/redhat-developer/gitops-operator/controllers/argocd_controller.go:154.3,155.33 2 0
github.com/redhat-developer/gitops-operator/controllers/argocd_controller.go:148.29,149.32 1 1
github.com/redhat-developer/gitops-operator/controllers/argocd_controller.go:149.32,152.5 2 1
github.com/redhat-developer/gitops-operator/controllers/argocd_controller.go:157.29,159.3 1 1
github.com/redhat-developer/gitops-operator/controllers/argocd_controller.go:159.8,159.46 1 1
github.com/redhat-developer/gitops-operator/controllers/argocd_controller.go:159.46,163.3 3 0
github.com/redhat-developer/gitops-operator/controllers/argocd_controller.go:169.61,186.2 1 1
github.com/redhat-developer/gitops-operator/controllers/argocd_controller.go:188.103,190.16 2 1
github.com/redhat-developer/gitops-operator/controllers/argocd_controller.go:196.2,197.105 2 1
github.com/redhat-developer/gitops-operator/controllers/argocd_controller.go:190.16,191.29 1 0
github.com/redhat-developer/gitops-operator/controllers/argocd_controller.go:194.3,194.13 1 0
github.com/redhat-developer/gitops-operator/controllers/argocd_controller.go:191.29,193.4 1 0
github.com/redhat-developer/gitops-operator/controllers/argocd_controller.go:200.39,202.2 1 1
github.com/redhat-developer/gitops-operator/controllers/argocd_metrics_controller.go:57.76,61.2 1 0
github.com/redhat-developer/gitops-operator/controllers/argocd_metrics_controller.go:65.119,72.16 6 1
github.com/redhat-developer/gitops-operator/controllers/argocd_metrics_controller.go:84.2,86.16 3 1
github.com/redhat-developer/gitops-operator/controllers/argocd_metrics_controller.go:97.2,99.13 3 1
github.com/redhat-developer/gitops-operator/controllers/argocd_metrics_controller.go:116.2,117.16 2 1
github.com/redhat-developer/gitops-operator/controllers/argocd_metrics_controller.go:122.2,123.16 2 1
github.com/redhat-developer/gitops-operator/controllers/argocd_metrics_controller.go:128.2,131.16 4 1
github.com/redhat-developer/gitops-operator/controllers/argocd_metrics_controller.go:136.2,139.16 4 1
github.com/redhat-developer/gitops-operator/controllers/argocd_metrics_controller.go:144.2,147.16 4 1
github.com/redhat-developer/gitops-operator/controllers/argocd_metrics_controller.go:152.2,153.16 2 1
github.com/redhat-developer/gitops-operator/controllers/argocd_metrics_controller.go:157.2,157.32 1 1
github.com/redhat-developer/gitops-operator/controllers/argocd_metrics_controller.go:72.16,73.29 1 0
github.com/redhat-developer/gitops-operator/controllers/argocd_metrics_controller.go:79.3,81.33 2 0
github.com/redhat-developer/gitops-operator/controllers/argocd_metrics_controller.go:73.29,78.4 1 0
github.com/redhat-developer/gitops-operator/controllers/argocd_metrics_controller.go:86.16,87.29 1 0
github.com/redhat-developer/gitops-operator/controllers/argocd_metrics_controller.go:93.3,94.33 2 0
github.com/redhat-developer/gitops-operator/controllers/argocd_metrics_controller.go:87.29,92.4 1 0
github.com/redhat-developer/gitops-operator/controllers/argocd_metrics_controller.go:99.13,100.30 1 1
github.com/redhat-developer/gitops-operator/controllers/argocd_metrics_controller.go:103.3,105.17 3 1
github.com/redhat-developer/gitops-operator/controllers/argocd_metrics_controller.go:100.30,102.4 1 1
github.com/redhat-developer/gitops-operator/controllers/argocd_metrics_controller.go:105.17,109.4 2 0
github.com/redhat-developer/gitops-operator/controllers/argocd_metrics_controller.go:110.8,113.3 1 0
github.com/redhat-developer/gitops-operator/controllers/argocd_metrics_controller.go:117.16,119.3 1 0
github.com/redhat-developer/gitops-operator/controllers/argocd_metrics_controller.go:123.16,125.3 1 0
github.com/redhat-developer/gitops-operator/controllers/argocd_metrics_controller.go:131.16,133.3 1 0
github.com/redhat-developer/gitops-operator/controllers/argocd_metrics_controller.go:139.16,141.3 1 0
github.com/redhat-developer/gitops-operator/controllers/argocd_metrics_controller.go:147.16,149.3 1 0
github.com/redhat-developer/gitops-operator/controllers/argocd_metrics_controller.go:153.16,155.3 1 0
github.com/redhat-developer/gitops-operator/controllers/argocd_metrics_controller.go:160.129,164.16 4 1
github.com/redhat-developer/gitops-operator/controllers/argocd_metrics_controller.go:169.2,169.28 1 1
github.com/redhat-developer/gitops-operator/controllers/argocd_metrics_controller.go:189.2,191.12 2 0
github.com/redhat-developer/gitops-operator/controllers/argocd_metrics_controller.go:164.16,168.3 2 0
github.com/redhat-developer/gitops-operator/controllers/argocd_metrics_controller.go:169.28,174.91 2 1
github.com/redhat-developer/gitops-operator/controllers/argocd_metrics_controller.go:180.3,181.17 2 1
github.com/redhat-developer/gitops-operator/controllers/argocd_metrics_controller.go:187.3,187.13 1 1
github.com/redhat-developer/gitops-operator/controllers/argocd_metrics_controller.go:174.91,178.4 2 0
github.com/redhat-developer/gitops-operator/controllers/argocd_metrics_controller.go:181.17,185.4 2 0
github.com/redhat-developer/gitops-operator/controllers/argocd_metrics_controller.go:194.136,198.16 4 1
github.com/redhat-developer/gitops-operator/controllers/argocd_metrics_controller.go:203.2,203.28 1 1
github.com/redhat-developer/gitops-operator/controllers/argocd_metrics_controller.go:223.2,225.12 2 0
github.com/redhat-developer/gitops-operator/controllers/argocd_metrics_controller.go:198.16,202.3 2 0
github.com/redhat-developer/gitops-operator/controllers/argocd_metrics_controller.go:203.28,208.98 2 1
github.com/redhat-developer/gitops-operator/controllers/argocd_metrics_controller.go:214.3,215.17 2 1
github.com/redhat-developer/gitops-operator/controllers/argocd_metrics_controller.go:221.3,221.13 1 1
github.com/redhat-developer/gitops-operator/controllers/argocd_metrics_controller.go:208.98,212.4 2 0
github.com/redhat-developer/gitops-operator/controllers/argocd_metrics_controller.go:215.17,219.4 2 0
github.com/redhat-developer/gitops-operator/controllers/argocd_metrics_controller.go:228.169,231.16 3 1
github.com/redhat-developer/gitops-operator/controllers/argocd_metrics_controller.go:236.2,236.28 1 1
github.com/redhat-developer/gitops-operator/controllers/argocd_metrics_controller.go:257.2,258.12 2 0
github.com/redhat-developer/gitops-operator/controllers/argocd_metrics_controller.go:231.16,235.3 2 0
github.com/redhat-developer/gitops-operator/controllers/argocd_metrics_controller.go:236.28,242.97 3 1
github.com/redhat-developer/gitops-operator/controllers/argocd_metrics_controller.go:248.3,249.17 2 1
github.com/redhat-developer/gitops-operator/controllers/argocd_metrics_controller.go:255.3,255.13 1 1
github.com/redhat-developer/gitops-operator/controllers/argocd_metrics_controller.go:242.97,246.4 2 0
github.com/redhat-developer/gitops-operator/controllers/argocd_metrics_controller.go:249.17,253.4 2 0
github.com/redhat-developer/gitops-operator/controllers/argocd_metrics_controller.go:261.135,265.16 4 1
github.com/redhat-developer/gitops-operator/controllers/argocd_metrics_controller.go:270.2,270.28 1 1
github.com/redhat-developer/gitops-operator/controllers/argocd_metrics_controller.go:290.2,292.12 2 0
github.com/redhat-developer/gitops-operator/controllers/argocd_metrics_controller.go:265.16,269.3 2 0
github.com/redhat-developer/gitops-operator/controllers/argocd_metrics_controller.go:270.28,275.92 2 1
github.com/redhat-developer/gitops-operator/controllers/argocd_metrics_controller.go:281.3,282.17 2 1
github.com/redhat-developer/gitops-operator/controllers/argocd_metrics_controller.go:288.3,288.13 1 1
github.com/redhat-developer/gitops-operator/controllers/argocd_metrics_controller.go:275.92,279.4 2 0
github.com/redhat-developer/gitops-operator/controllers/argocd_metrics_controller.go:282.17,286.4 2 0
github.com/redhat-developer/gitops-operator/controllers/argocd_metrics_controller.go:295.49,311.2 3 1
github.com/redhat-developer/gitops-operator/controllers/argocd_metrics_controller.go:313.63,335.2 4 1
github.com/redhat-developer/gitops-operator/controllers/argocd_metrics_controller.go:337.89,361.2 3 1
github.com/redhat-developer/gitops-operator/controllers/argocd_metrics_controller.go:363.71,402.2 4 1
github.com/redhat-developer/gitops-operator/controllers/consoleplugin.go:44.40,46.30 2 1
github.com/redhat-developer/gitops-operator/controllers/consoleplugin.go:52.2,124.16 2 1
github.com/redhat-developer/gitops-operator/controllers/consoleplugin.go:46.30,50.3 3 1
github.com/redhat-developer/gitops-operator/controllers/consoleplugin.go:127.44,160.2 4 1
github.com/redhat-developer/gitops-operator/controllers/consoleplugin.go:162.53,177.2 1 1
github.com/redhat-developer/gitops-operator/controllers/consoleplugin.go:179.38,209.2 3 1
github.com/redhat-developer/gitops-operator/controllers/consoleplugin.go:222.42,236.2 1 1
github.com/redhat-developer/gitops-operator/controllers/consoleplugin.go:238.150,242.103 3 1
github.com/redhat-developer/gitops-operator/controllers/consoleplugin.go:247.2,249.16 3 1
github.com/redhat-developer/gitops-operator/controllers/consoleplugin.go:284.2,284.32 1 1
github.com/redhat-developer/gitops-operator/controllers/consoleplugin.go:242.103,244.3 1 0
github.com/redhat-developer/gitops-operator/controllers/consoleplugin.go:249.16,250.29 1 1
github.com/redhat-developer/gitops-operator/controllers/consoleplugin.go:250.29,253.18 3 1
github.com/redhat-developer/gitops-operator/controllers/consoleplugin.go:253.18,255.5 1 0
github.com/redhat-developer/gitops-operator/controllers/consoleplugin.go:256.9,258.4 1 0
github.com/redhat-developer/gitops-operator/controllers/consoleplugin.go:259.8,271.14 4 1
github.com/redhat-developer/gitops-operator/controllers/consoleplugin.go:271.14,282.4 10 1
github.com/redhat-developer/gitops-operator/controllers/consoleplugin.go:287.147,291.100 3 1
github.com/redhat-developer/gitops-operator/controllers/consoleplugin.go:296.2,298.35 2 1
github.com/redhat-developer/gitops-operator/controllers/consoleplugin.go:324.2,324.32 1 1
github.com/redhat-developer/gitops-operator/controllers/consoleplugin.go:291.100,293.3 1 0
github.com/redhat-developer/gitops-operator/controllers/consoleplugin.go:298.35,300.29 1 1
github.com/redhat-developer/gitops-operator/controllers/consoleplugin.go:300.29,303.18 3 1
github.com/redhat-developer/gitops-operator/controllers/consoleplugin.go:303.18,305.5 1 0
github.com/redhat-developer/gitops-operator/controllers/consoleplugin.go:306.9,308.4 1 0
github.com/redhat-developer/gitops-operator/controllers/consoleplugin.go:309.8,315.14 2 1
github.com/redhat-developer/gitops-operator/controllers/consoleplugin.go:315.14,322.4 6 0
github.com/redhat-developer/gitops-operator/controllers/consoleplugin.go:327.153,331.100 3 1
github.com/redhat-developer/gitops-operator/controllers/consoleplugin.go:335.2,338.31 2 1
github.com/redhat-developer/gitops-operator/controllers/consoleplugin.go:361.2,361.32 1 1
github.com/redhat-developer/gitops-operator/controllers/consoleplugin.go:331.100,333.3 1 0
github.com/redhat-developer/gitops-operator/controllers/consoleplugin.go:338.31,339.29 1 1
github.com/redhat-developer/gitops-operator/controllers/consoleplugin.go:339.29,342.18 3 1
github.com/redhat-developer/gitops-operator/controllers/consoleplugin.go:342.18,346.5 2 0
github.com/redhat-developer/gitops-operator/controllers/consoleplugin.go:347.9,349.4 1 0
github.com/redhat-developer/gitops-operator/controllers/consoleplugin.go:350.8,354.14 2 1
github.com/redhat-developer/gitops-operator/controllers/consoleplugin.go:354.14,359.4 4 0
github.com/redhat-developer/gitops-operator/controllers/consoleplugin.go:364.149,368.102 3 1
github.com/redhat-developer/gitops-operator/controllers/consoleplugin.go:373.2,375.16 3 1
github.com/redhat-developer/gitops-operator/controllers/consoleplugin.go:395.2,395.32 1 1
github.com/redhat-developer/gitops-operator/controllers/consoleplugin.go:368.102,370.3 1 0
github.com/redhat-developer/gitops-operator/controllers/consoleplugin.go:375.16,376.29 1 1
github.com/redhat-developer/gitops-operator/controllers/consoleplugin.go:376.29,379.18 3 1
github.com/redhat-developer/gitops-operator/controllers/consoleplugin.go:379.18,381.5 1 0
github.com/redhat-developer/gitops-operator/controllers/consoleplugin.go:382.9,384.4 1 0
github.com/redhat-developer/gitops-operator/controllers/consoleplugin.go:385.8,388.14 2 1
github.com/redhat-developer/gitops-operator/controllers/consoleplugin.go:388.14,393.4 4 0
github.com/redhat-developer/gitops-operator/controllers/consoleplugin.go:399.146,401.31 2 1
github.com/redhat-developer/gitops-operator/controllers/consoleplugin.go:406.2,406.70 1 1
github.com/redhat-developer/gitops-operator/controllers/consoleplugin.go:410.2,410.73 1 1
github.com/redhat-developer/gitops-operator/controllers/consoleplugin.go:414.2,414.72 1 1
github.com/redhat-developer/gitops-operator/controllers/consoleplugin.go:418.2,418.76 1 1
github.com/redhat-developer/gitops-operator/controllers/consoleplugin.go:422.2,422.32 1 1
github.com/redhat-developer/gitops-operator/controllers/consoleplugin.go:401.31,404.3 2 0
github.com/redhat-developer/gitops-operator/controllers/consoleplugin.go:406.70,408.3 1 0
github.com/redhat-developer/gitops-operator/controllers/consoleplugin.go:410.73,412.3 1 0
github.com/redhat-developer/gitops-operator/controllers/consoleplugin.go:414.72,416.3 1 0
github.com/redhat-developer/gitops-operator/controllers/consoleplugin.go:418.76,420.3 1 0
github.com/redhat-developer/gitops-operator/controllers/gitopsservice_controller.go:79.75,84.46 3 0
github.com/redhat-developer/gitops-operator/controllers/gitopsservice_controller.go:94.2,96.16 3 0
github.com/redhat-developer/gitops-operator/controllers/gitopsservice_controller.go:100.2,109.14 1 0
github.com/redhat-developer/gitops-operator/controllers/gitopsservice_controller.go:84.46,87.4 1 0
github.com/redhat-developer/gitops-operator/controllers/gitopsservice_controller.go:88.46,91.4 1 0
github.com/redhat-developer/gitops-operator/controllers/gitopsservice_controller.go:96.16,98.3 1 0
github.com/redhat-developer/gitops-operator/controllers/gitopsservice_controller.go:166.118,173.16 5 1
github.com/redhat-developer/gitops-operator/controllers/gitopsservice_controller.go:184.2,185.16 2 1
github.com/redhat-developer/gitops-operator/controllers/gitopsservice_controller.go:190.2,192.16 3 1
github.com/redhat-developer/gitops-operator/controllers/gitopsservice_controller.go:204.2,209.30 2 1
github.com/redhat-developer/gitops-operator/controllers/gitopsservice_controller.go:222.2,222.101 1 1
github.com/redhat-developer/gitops-operator/controllers/gitopsservice_controller.go:226.2,226.72 1 1
github.com/redhat-developer/gitops-operator/controllers/gitopsservice_controller.go:230.2,231.40 2 1
github.com/redhat-developer/gitops-operator/controllers/gitopsservice_controller.go:235.2,236.16 2 1
github.com/redhat-developer/gitops-operator/controllers/gitopsservice_controller.go:241.2,242.16 2 1
github.com/redhat-developer/gitops-operator/controllers/gitopsservice_controller.go:246.2,251.16 5 1
github.com/redhat-developer/gitops-operator/controllers/gitopsservice_controller.go:254.2,258.125 4 1
github.com/redhat-developer/gitops-operator/controllers/gitopsservice_controller.go:173.16,174.29 1 0
github.com/redhat-developer/gitops-operator/controllers/gitopsservice_controller.go:181.3,181.33 1 0
github.com/redhat-developer/gitops-operator/controllers/gitopsservice_controller.go:174.29,179.4 1 0
github.com/redhat-developer/gitops-operator/controllers/gitopsservice_controller.go:185.16,187.3 1 0
github.com/redhat-developer/gitops-operator/controllers/gitopsservice_controller.go:192.16,193.29 1 1
github.com/redhat-developer/gitops-operator/controllers/gitopsservice_controller.go:193.29,196.18 3 1
github.com/redhat-developer/gitops-operator/controllers/gitopsservice_controller.go:196.18,198.5 1 0
github.com/redhat-developer/gitops-operator/controllers/gitopsservice_controller.go:199.9,201.4 1 0
github.com/redhat-developer/gitops-operator/controllers/gitopsservice_controller.go:209.30,211.87 1 1
github.com/redhat-developer/gitops-operator/controllers/gitopsservice_controller.go:211.87,213.4 1 0
github.com/redhat-developer/gitops-operator/controllers/gitopsservice_controller.go:214.8,217.87 1 1
github.com/redhat-developer/gitops-operator/controllers/gitopsservice_controller.go:217.87,219.4 1 0
github.com/redhat-developer/gitops-operator/controllers/gitopsservice_controller.go:222.101,224.3 1 0
github.com/redhat-developer/gitops-operator/controllers/gitopsservice_controller.go:226.72,228.3 1 0
github.com/redhat-developer/gitops-operator/controllers/gitopsservice_controller.go:231.40,233.3 1 1
github.com/redhat-developer/gitops-operator/controllers/gitopsservice_controller.go:236.16,239.3 2 0
github.com/redhat-developer/gitops-operator/controllers/gitopsservice_controller.go:242.16,245.3 2 1
github.com/redhat-developer/gitops-operator/controllers/gitopsservice_controller.go:251.16,253.3 1 0
github.com/redhat-developer/gitops-operator/controllers/gitopsservice_controller.go:258.125,261.3 1 1
github.com/redhat-developer/gitops-operator/controllers/gitopsservice_controller.go:261.8,263.3 1 1
github.com/redhat-developer/gitops-operator/controllers/gitopsservice_controller.go:266.145,269.16 2 1
github.com/redhat-developer/gitops-operator/controllers/gitopsservice_controller.go:273.2,275.16 3 1
github.com/redhat-developer/gitops-operator/controllers/gitopsservice_controller.go:286.2,288.16 3 1
github.com/redhat-developer/gitops-operator/controllers/gitopsservice_controller.go:311.2,311.12 1 1
github.com/redhat-developer/gitops-operator/controllers/gitopsservice_controller.go:269.16,271.3 1 0
github.com/redhat-developer/gitops-operator/controllers/gitopsservice_controller.go:275.16,277.29 1 0
github.com/redhat-developer/gitops-operator/controllers/gitopsservice_controller.go:277.29,280.4 1 0
github.com/redhat-developer/gitops-operator/controllers/gitopsservice_controller.go:280.9,282.4 1 0
github.com/redhat-developer/gitops-operator/controllers/gitopsservice_controller.go:288.16,295.73 3 1
github.com/redhat-developer/gitops-operator/controllers/gitopsservice_controller.go:299.3,302.73 2 1
github.com/redhat-developer/gitops-operator/controllers/gitopsservice_controller.go:295.73,297.4 1 0
github.com/redhat-developer/gitops-operator/controllers/gitopsservice_controller.go:302.73,304.4 1 0
github.com/redhat-developer/gitops-operator/controllers/gitopsservice_controller.go:306.8,306.36 1 1
github.com/redhat-developer/gitops-operator/controllers/gitopsservice_controller.go:306.36,309.3 1 0
github.com/redhat-developer/gitops-operator/controllers/gitopsservice_controller.go:314.157,317.16 2 1
github.com/redhat-developer/gitops-operator/controllers/gitopsservice_controller.go:324.2,326.16 3 1
github.com/redhat-developer/gitops-operator/controllers/gitopsservice_controller.go:360.2,360.105 1 1
github.com/redhat-developer/gitops-operator/controllers/gitopsservice_controller.go:365.2,365.30 1 1
github.com/redhat-developer/gitops-operator/controllers/gitopsservice_controller.go:374.2,374.41 1 1
github.com/redhat-developer/gitops-operator/controllers/gitopsservice_controller.go:383.2,383.40 1 1
github.com/redhat-developer/gitops-operator/controllers/gitopsservice_controller.go:394.2,396.16 3 1
github.com/redhat-developer/gitops-operator/controllers/gitopsservice_controller.go:477.2,477.32 1 1
github.com/redhat-developer/gitops-operator/controllers/gitopsservice_controller.go:317.16,319.3 1 0
github.com/redhat-developer/gitops-operator/controllers/gitopsservice_controller.go:326.16,327.29 1 1
github.com/redhat-developer/gitops-operator/controllers/gitopsservice_controller.go:327.29,330.18 3 1
github.com/redhat-developer/gitops-operator/controllers/gitopsservice_controller.go:330.18,332.5 1 0
github.com/redhat-developer/gitops-operator/controllers/gitopsservice_controller.go:333.9,335.4 1 0
github.com/redhat-developer/gitops-operator/controllers/gitopsservice_controller.go:336.8,347.17 4 1
github.com/redhat-developer/gitops-operator/controllers/gitopsservice_controller.go:347.17,348.30 1 1
github.com/redhat-developer/gitops-operator/controllers/gitopsservice_controller.go:348.30,350.5 1 1
github.com/redhat-developer/gitops-operator/controllers/gitopsservice_controller.go:351.9,353.18 2 1
github.com/redhat-developer/gitops-operator/controllers/gitopsservice_controller.go:353.18,355.5 1 0
github.com/redhat-developer/gitops-operator/controllers/gitopsservice_controller.go:360.105,362.3 1 0
github.com/redhat-developer/gitops-operator/controllers/gitopsservice_controller.go:365.30,366.54 1 1
github.com/redhat-developer/gitops-operator/controllers/gitopsservice_controller.go:366.54,370.4 1 1
github.com/redhat-developer/gitops-operator/controllers/gitopsservice_controller.go:370.9,372.4 1 0
github.com/redhat-developer/gitops-operator/controllers/gitopsservice_controller.go:374.41,375.54 1 0
github.com/redhat-developer/gitops-operator/controllers/gitopsservice_controller.go:375.54,379.4 1 0
github.com/redhat-developer/gitops-operator/controllers/gitopsservice_controller.go:379.9,381.4 1 0
github.com/redhat-developer/gitops-operator/controllers/gitopsservice_controller.go:383.40,384.54 1 1
github.com/redhat-developer/gitops-operator/controllers/gitopsservice_controller.go:384.54,388.4 1 0
github.com/redhat-developer/gitops-operator/controllers/gitopsservice_controller.go:388.9,390.4 1 1
github.com/redhat-developer/gitops-operator/controllers/gitopsservice_controller.go:396.16,397.29 1 1
github.com/redhat-developer/gitops-operator/controllers/gitopsservice_controller.go:397.29,400.18 3 1
github.com/redhat-developer/gitops-operator/controllers/gitopsservice_controller.go:400.18,402.5 1 0
github.com/redhat-developer/gitops-operator/controllers/gitopsservice_controller.go:403.9,405.4 1 0
github.com/redhat-developer/gitops-operator/controllers/gitopsservice_controller.go:406.8,409.48 2 1
github.com/redhat-developer/gitops-operator/controllers/gitopsservice_controller.go:416.3,416.54 1 1
github.com/redhat-developer/gitops-operator/controllers/gitopsservice_controller.go:421.3,421.46 1 1
github.com/redhat-developer/gitops-operator/controllers/gitopsservice_controller.go:438.3,438.51 1 1
github.com/redhat-developer/gitops-operator/controllers/gitopsservice_controller.go:443.3,443.46 1 1
github.com/redhat-developer/gitops-operator/controllers/gitopsservice_controller.go:448.3,448.49 1 1
github.com/redhat-developer/gitops-operator/controllers/gitopsservice_controller.go:453.3,453.48 1 1
github.com/redhat-developer/gitops-operator/controllers/gitopsservice_controller.go:458.3,458.50 1 1
github.com/redhat-developer/gitops-operator/controllers/gitopsservice_controller.go:463.3,463.102 1 1
github.com/redhat-developer/gitops-operator/controllers/gitopsservice_controller.go:468.3,468.14 1 1
github.com/redhat-developer/gitops-operator/controllers/gitopsservice_controller.go:409.48,410.59 1 1
github.com/redhat-developer/gitops-operator/controllers/gitopsservice_controller.go:410.59,413.5 2 1
github.com/redhat-developer/gitops-operator/controllers/gitopsservice_controller.go:416.54,419.4 2 1
github.com/redhat-developer/gitops-operator/controllers/gitopsservice_controller.go:421.46,422.104 1 1
github.com/redhat-developer/gitops-operator/controllers/gitopsservice_controller.go:435.4,435.18 1 1
github.com/redhat-developer/gitops-operator/controllers/gitopsservice_controller.go:422.104,423.43 1 1
github.com/redhat-developer/gitops-operator/controllers/gitopsservice_controller.go:423.43,424.54 1 1
github.com/redhat-developer/gitops-operator/controllers/gitopsservice_controller.go:424.54,426.7 1 0
github.com/redhat-developer/gitops-operator/controllers/gitopsservice_controller.go:428.10,429.39 1 1
github.com/redhat-developer/gitops-operator/controllers/gitopsservice_controller.go:429.39,430.50 1 1
github.com/redhat-developer/gitops-operator/controllers/gitopsservice_controller.go:430.50,432.7 1 1
github.com/redhat-developer/gitops-operator/controllers/gitopsservice_controller.go:438.51,441.4 2 1
github.com/redhat-developer/gitops-operator/controllers/gitopsservice_controller.go:443.46,446.4 2 1
github.com/redhat-developer/gitops-operator/controllers/gitopsservice_controller.go:448.49,451.4 2 1
github.com/redhat-developer/gitops-operator/controllers/gitopsservice_controller.go:453.48,456.4 2 1
github.com/redhat-developer/gitops-operator/controllers/gitopsservice_controller.go:458.50,461.4 2 1
github.com/redhat-developer/gitops-operator/controllers/gitopsservice_controller.go:463.102,466.4 2 0
github.com/redhat-developer/gitops-operator/controllers/gitopsservice_controller.go:468.14,471.18 3 1
github.com/redhat-developer/gitops-operator/controllers/gitopsservice_controller.go:471.18,473.5 1 0
github.com/redhat-developer/gitops-operator/controllers/gitopsservice_controller.go:481.51,484.2 1 1
github.com/redhat-developer/gitops-operator/controllers/gitopsservice_controller.go:668.2,668.32 1 1
github.com/redhat-developer/gitops-operator/controllers/gitopsservice_controller.go:484.2,488.102 2 1
github.com/redhat-developer/gitops-operator/controllers/gitopsservice_controller.go:492.3,494.17 3 1
github.com/redhat-developer/gitops-operator/controllers/gitopsservice_controller.go:488.102,490.4 1 0
github.com/redhat-developer/gitops-operator/controllers/gitopsservice_controller.go:494.17,495.30 1 1
github.com/redhat-developer/gitops-operator/controllers/gitopsservice_controller.go:495.30,498.19 3 1
github.com/redhat-developer/gitops-operator/controllers/gitopsservice_controller.go:498.19,500.6 1 0
github.com/redhat-developer/gitops-operator/controllers/gitopsservice_controller.go:501.10,503.5 1 0
github.com/redhat-developer/gitops-operator/controllers/gitopsservice_controller.go:508.2,512.99 2 1
github.com/redhat-developer/gitops-operator/controllers/gitopsservice_controller.go:516.3,518.17 3 1
github.com/redhat-developer/gitops-operator/controllers/gitopsservice_controller.go:512.99,514.4 1 0
github.com/redhat-developer/gitops-operator/controllers/gitopsservice_controller.go:518.17,519.30 1 1
github.com/redhat-developer/gitops-operator/controllers/gitopsservice_controller.go:519.30,522.19 3 1
github.com/redhat-developer/gitops-operator/controllers/gitopsservice_controller.go:522.19,524.6 1 0
github.com/redhat-developer/gitops-operator/controllers/gitopsservice_controller.go:525.10,527.5 1 0
github.com/redhat-developer/gitops-operator/controllers/gitopsservice_controller.go:528.9,528.81 1 1
github.com/redhat-developer/gitops-operator/controllers/gitopsservice_controller.go:528.81,532.18 4 1
github.com/redhat-developer/gitops-operator/controllers/gitopsservice_controller.go:532.18,534.5 1 0
github.com/redhat-developer/gitops-operator/controllers/gitopsservice_controller.go:539.2,543.103 2 1
github.com/redhat-developer/gitops-operator/controllers/gitopsservice_controller.go:547.3,549.17 3 1
github.com/redhat-developer/gitops-operator/controllers/gitopsservice_controller.go:543.103,545.4 1 0
github.com/redhat-developer/gitops-operator/controllers/gitopsservice_controller.go:549.17,550.30 1 1
github.com/redhat-developer/gitops-operator/controllers/gitopsservice_controller.go:550.30,553.19 3 1
github.com/redhat-developer/gitops-operator/controllers/gitopsservice_controller.go:553.19,555.6 1 0
github.com/redhat-developer/gitops-operator/controllers/gitopsservice_controller.go:556.10,558.5 1 0
github.com/redhat-developer/gitops-operator/controllers/gitopsservice_controller.go:563.2,571.98 4 1
github.com/redhat-developer/gitops-operator/controllers/gitopsservice_controller.go:574.3,574.31 1 1
github.com/redhat-developer/gitops-operator/controllers/gitopsservice_controller.go:577.3,577.42 1 1
github.com/redhat-developer/gitops-operator/controllers/gitopsservice_controller.go:580.3,580.41 1 1
github.com/redhat-developer/gitops-operator/controllers/gitopsservice_controller.go:584.3,586.23 2 1
github.com/redhat-developer/gitops-operator/controllers/gitopsservice_controller.go:571.98,573.4 1 0
github.com/redhat-developer/gitops-operator/controllers/gitopsservice_controller.go:574.31,576.4 1 1
github.com/redhat-developer/gitops-operator/controllers/gitopsservice_controller.go:577.42,579.4 1 0
github.com/redhat-developer/gitops-operator/controllers/gitopsservice_controller.go:580.41,582.4 1 1
github.com/redhat-developer/gitops-operator/controllers/gitopsservice_controller.go:586.23,588.30 1 1
github.com/redhat-developer/gitops-operator/controllers/gitopsservice_controller.go:588.30,591.19 3 1
github.com/redhat-developer/gitops-operator/controllers/gitopsservice_controller.go:591.19,593.6 1 0
github.com/redhat-developer/gitops-operator/controllers/gitopsservice_controller.go:594.10,596.5 1 0
github.com/redhat-developer/gitops-operator/controllers/gitopsservice_controller.go:597.9,600.68 3 1
github.com/redhat-developer/gitops-operator/controllers/gitopsservice_controller.go:604.4,604.122 1 1
github.com/redhat-developer/gitops-operator/controllers/gitopsservice_controller.go:608.4,608.124 1 1
github.com/redhat-developer/gitops-operator/controllers/gitopsservice_controller.go:612.4,612.134 1 1
github.com/redhat-developer/gitops-operator/controllers/gitopsservice_controller.go:616.4,616.146 1 1
github.com/redhat-developer/gitops-operator/controllers/gitopsservice_controller.go:620.4,620.112 1 1
github.com/redhat-developer/gitops-operator/controllers/gitopsservice_controller.go:624.4,624.110 1 1
github.com/redhat-developer/gitops-operator/controllers/gitopsservice_controller.go:628.4,628.118 1 1
github.com/redhat-developer/gitops-operator/controllers/gitopsservice_controller.go:633.4,633.15 1 1
github.com/redhat-developer/gitops-operator/controllers/gitopsservice_controller.go:600.68,603.5 2 1
github.com/redhat-developer/gitops-operator/controllers/gitopsservice_controller.go:604.122,607.5 2 0
github.com/redhat-developer/gitops-operator/controllers/gitopsservice_controller.go:608.124,611.5 2 0
github.com/redhat-developer/gitops-operator/controllers/gitopsservice_controller.go:612.134,615.5 2 0
github.com/redhat-developer/gitops-operator/controllers/gitopsservice_controller.go:616.146,619.5 2 0
github.com/redhat-developer/gitops-operator/controllers/gitopsservice_controller.go:620.112,623.5 2 0
github.com/redhat-developer/gitops-operator/controllers/gitopsservice_controller.go:624.110,627.5 2 0
github.com/redhat-developer/gitops-operator/controllers/gitopsservice_controller.go:628.118,631.5 2 0
github.com/redhat-developer/gitops-operator/controllers/gitopsservice_controller.go:633.15,636.19 3 1
github.com/redhat-developer/gitops-operator/controllers/gitopsservice_controller.go:636.19,638.6 1 0
github.com/redhat-developer/gitops-operator/controllers/gitopsservice_controller.go:644.2,647.95 2 1
github.com/redhat-developer/gitops-operator/controllers/gitopsservice_controller.go:652.3,654.36 2 1
github.com/redhat-developer/gitops-operator/controllers/gitopsservice_controller.go:647.95,649.4 1 0
github.com/redhat-developer/gitops-operator/controllers/gitopsservice_controller.go:654.36,656.30 1 1
github.com/redhat-developer/gitops-operator/controllers/gitopsservice_controller.go:656.30,659.19 3 1
github.com/redhat-developer/gitops-operator/controllers/gitopsservice_controller.go:659.19,661.6 1 0
github.com/redhat-developer/gitops-operator/controllers/gitopsservice_controller.go:662.10,664.5 1 0
github.com/redhat-developer/gitops-operator/controllers/gitopsservice_controller.go:672.64,674.16 2 1
github.com/redhat-developer/gitops-operator/controllers/gitopsservice_controller.go:677.2,677.39 1 1
github.com/redhat-developer/gitops-operator/controllers/gitopsservice_controller.go:680.2,680.30 1 1
github.com/redhat-developer/gitops-operator/controllers/gitopsservice_controller.go:674.16,676.3 1 0
github.com/redhat-developer/gitops-operator/controllers/gitopsservice_controller.go:677.39,679.3 1 1
github.com/redhat-developer/gitops-operator/controllers/gitopsservice_controller.go:683.108,688.25 2 1
github.com/redhat-developer/gitops-operator/controllers/gitopsservice_controller.go:691.2,691.19 1 1
github.com/redhat-developer/gitops-operator/controllers/gitopsservice_controller.go:688.25,690.3 1 1
github.com/redhat-developer/gitops-operator/controllers/gitopsservice_controller.go:694.71,696.17 2 1
github.com/redhat-developer/gitops-operator/controllers/gitopsservice_controller.go:699.2,774.22 6 1
github.com/redhat-developer/gitops-operator/controllers/gitopsservice_controller.go:696.17,698.3 1 1
github.com/redhat-developer/gitops-operator/controllers/gitopsservice_controller.go:777.65,792.76 2 1
github.com/redhat-developer/gitops-operator/controllers/gitopsservice_controller.go:799.2,799.12 1 1
github.com/redhat-developer/gitops-operator/controllers/gitopsservice_controller.go:792.76,796.4 1 1
github.com/redhat-developer/gitops-operator/controllers/gitopsservice_controller.go:802.48,813.2 2 1
github.com/redhat-developer/gitops-operator/controllers/gitopsservice_controller.go:815.58,822.2 1 1
github.com/redhat-developer/gitops-operator/controllers/gitopsservice_controller.go:824.74,831.2 1 1
github.com/redhat-developer/gitops-operator/controllers/gitopsservice_controller.go:833.68,840.2 1 1
github.com/redhat-developer/gitops-operator/controllers/gitopsservice_controller.go:842.82,860.2 1 1
github.com/redhat-developer/gitops-operator/controllers/gitopsservice_controller.go:862.67,891.2 1 1
github.com/redhat-developer/gitops-operator/controllers/kam.go:50.47,52.17 2 1
github.com/redhat-developer/gitops-operator/controllers/kam.go:55.2,106.22 6 1
github.com/redhat-developer/gitops-operator/controllers/kam.go:52.17,54.3 1 1
github.com/redhat-developer/gitops-operator/controllers/kam.go:109.41,135.2 3 1
github.com/redhat-developer/gitops-operator/controllers/kam.go:137.38,156.2 2 1
github.com/redhat-developer/gitops-operator/controllers/kam.go:158.92,174.2 1 1
github.com/redhat-developer/gitops-operator/controllers/kam.go:176.143,180.31 2 1
github.com/redhat-developer/gitops-operator/controllers/kam.go:185.2,192.91 4 1
github.com/redhat-developer/gitops-operator/controllers/kam.go:195.2,195.24 1 1
github.com/redhat-developer/gitops-operator/controllers/kam.go:198.2,198.35 1 1
github.com/redhat-developer/gitops-operator/controllers/kam.go:202.2,202.34 1 1
github.com/redhat-developer/gitops-operator/controllers/kam.go:206.2,208.16 3 1
github.com/redhat-developer/gitops-operator/controllers/kam.go:248.2,249.88 2 1
github.com/redhat-developer/gitops-operator/controllers/kam.go:254.2,255.16 2 1
github.com/redhat-developer/gitops-operator/controllers/kam.go:267.2,268.86 2 1
github.com/redhat-developer/gitops-operator/controllers/kam.go:272.2,273.16 2 1
github.com/redhat-developer/gitops-operator/controllers/kam.go:285.2,289.96 4 1
github.com/redhat-developer/gitops-operator/controllers/kam.go:293.2,294.16 2 1
github.com/redhat-developer/gitops-operator/controllers/kam.go:303.2,303.32 1 1
github.com/redhat-developer/gitops-operator/controllers/kam.go:180.31,183.3 2 1
github.com/redhat-developer/gitops-operator/controllers/kam.go:192.91,194.3 1 0
github.com/redhat-developer/gitops-operator/controllers/kam.go:195.24,197.3 1 0
github.com/redhat-developer/gitops-operator/controllers/kam.go:198.35,200.3 1 0
github.com/redhat-developer/gitops-operator/controllers/kam.go:202.34,204.3 1 0
github.com/redhat-developer/gitops-operator/controllers/kam.go:208.16,209.29 1 1
github.com/redhat-developer/gitops-operator/controllers/kam.go:209.29,212.18 3 1
github.com/redhat-developer/gitops-operator/controllers/kam.go:212.18,214.5 1 0
github.com/redhat-developer/gitops-operator/controllers/kam.go:215.9,217.4 1 0
github.com/redhat-developer/gitops-operator/controllers/kam.go:218.8,220.84 2 1
github.com/redhat-developer/gitops-operator/controllers/kam.go:224.3,224.124 1 1
github.com/redhat-developer/gitops-operator/controllers/kam.go:228.3,228.122 1 1
github.com/redhat-developer/gitops-operator/controllers/kam.go:232.3,232.130 1 1
github.com/redhat-developer/gitops-operator/controllers/kam.go:236.3,236.158 1 1
github.com/redhat-developer/gitops-operator/controllers/kam.go:241.3,241.14 1 1
github.com/redhat-developer/gitops-operator/controllers/kam.go:220.84,223.4 2 0
github.com/redhat-developer/gitops-operator/controllers/kam.go:224.124,227.4 2 0
github.com/redhat-developer/gitops-operator/controllers/kam.go:228.122,231.4 2 0
github.com/redhat-developer/gitops-operator/controllers/kam.go:232.130,235.4 2 0
github.com/redhat-developer/gitops-operator/controllers/kam.go:236.158,239.4 2 0
github.com/redhat-developer/gitops-operator/controllers/kam.go:241.14,243.18 2 0
github.com/redhat-developer/gitops-operator/controllers/kam.go:243.18,245.5 1 0
github.com/redhat-developer/gitops-operator/controllers/kam.go:249.88,251.3 1 0
github.com/redhat-developer/gitops-operator/controllers/kam.go:255.16,256.29 1 1
github.com/redhat-developer/gitops-operator/controllers/kam.go:256.29,259.18 3 1
github.com/redhat-developer/gitops-operator/controllers/kam.go:259.18,261.5 1 0
github.com/redhat-developer/gitops-operator/controllers/kam.go:262.9,264.4 1 0
github.com/redhat-developer/gitops-operator/controllers/kam.go:268.86,270.3 1 0
github.com/redhat-developer/gitops-operator/controllers/kam.go:273.16,274.29 1 1
github.com/redhat-developer/gitops-operator/controllers/kam.go:274.29,277.18 3 1
github.com/redhat-developer/gitops-operator/controllers/kam.go:277.18,279.5 1 0
github.com/redhat-developer/gitops-operator/controllers/kam.go:280.9,282.4 1 0
github.com/redhat-developer/gitops-operator/controllers/kam.go:289.96,291.3 1 0
github.com/redhat-developer/gitops-operator/controllers/kam.go:294.16,295.29 1 1
github.com/redhat-developer/gitops-operator/controllers/kam.go:299.3,300.33 2 0
github.com/redhat-developer/gitops-operator/controllers/kam.go:295.29,298.4 2 1
